[debug] [2019-10-27T18:14:09.972Z] ----------------------------------------------------------------------
[debug] [2019-10-27T18:14:09.975Z] Command:       /usr/bin/node /usr/bin/firebase serve
[debug] [2019-10-27T18:14:09.975Z] CLI Version:   7.5.0
[debug] [2019-10-27T18:14:09.975Z] Platform:      linux
[debug] [2019-10-27T18:14:09.975Z] Node Version:  v8.16.2
[debug] [2019-10-27T18:14:09.976Z] Time:          Sun Oct 27 2019 15:14:09 GMT-0300 (-03)
[debug] [2019-10-27T18:14:09.976Z] ----------------------------------------------------------------------
[debug] 
[debug] [2019-10-27T18:14:09.993Z] > command requires scopes: ["email","openid","https://www.googleapis.com/auth/cloudplatformprojects.readonly","https://www.googleapis.com/auth/firebase","https://www.googleapis.com/auth/cloud-platform"]
[debug] [2019-10-27T18:14:09.993Z] > authorizing via signed-in user
[debug] [2019-10-27T18:14:09.993Z] [iam] checking project social-network-1e8dd for permissions ["firebase.projects.get"]
[debug] [2019-10-27T18:14:09.996Z] > refreshing access token with scopes: ["email","https://www.googleapis.com/auth/cloud-platform","https://www.googleapis.com/auth/cloudplatformprojects.readonly","https://www.googleapis.com/auth/firebase","openid"]
[debug] [2019-10-27T18:14:09.996Z] >>> HTTP REQUEST POST https://www.googleapis.com/oauth2/v3/token  
 <request body omitted>
[debug] [2019-10-27T18:14:15.227Z] <<< HTTP RESPONSE 200
[debug] [2019-10-27T18:14:15.236Z] >>> HTTP REQUEST POST https://cloudresourcemanager.googleapis.com/v1/projects/social-network-1e8dd:testIamPermissions  

[debug] [2019-10-27T18:14:16.448Z] <<< HTTP RESPONSE 200
[debug] [2019-10-27T18:14:16.452Z] >>> HTTP REQUEST GET https://firebase.googleapis.com/v1beta1/projects/social-network-1e8dd  
 
[debug] [2019-10-27T18:14:17.886Z] <<< HTTP RESPONSE 200
[info] 
[info] === Serving from '/home/mi/Documentos/SAP003-social-network'...
[info] 
[debug] [2019-10-27T18:14:17.891Z] >>> HTTP REQUEST GET https://firebase.googleapis.com/v1beta1/projects/social-network-1e8dd/webApps/-/config  
 
[debug] [2019-10-27T18:14:19.227Z] <<< HTTP RESPONSE 200
[info] i  hosting: Serving hosting files from: src
[info] ✔  hosting: Local server: http://localhost:5000
[debug] [2019-10-31T16:21:55.612Z] ----------------------------------------------------------------------
[debug] [2019-10-31T16:21:55.614Z] Command:       /usr/bin/node /usr/bin/firebase serve
[debug] [2019-10-31T16:21:55.614Z] CLI Version:   7.5.0
[debug] [2019-10-31T16:21:55.614Z] Platform:      linux
[debug] [2019-10-31T16:21:55.614Z] Node Version:  v8.16.2
[debug] [2019-10-31T16:21:55.614Z] Time:          Thu Oct 31 2019 13:21:55 GMT-0300 (-03)
[debug] [2019-10-31T16:21:55.614Z] ----------------------------------------------------------------------
[debug] 
[debug] [2019-10-31T16:21:55.624Z] > command requires scopes: ["email","openid","https://www.googleapis.com/auth/cloudplatformprojects.readonly","https://www.googleapis.com/auth/firebase","https://www.googleapis.com/auth/cloud-platform"]
[debug] [2019-10-31T16:21:55.625Z] > authorizing via signed-in user
[debug] [2019-10-31T16:21:55.625Z] [iam] checking project social-network-1e8dd for permissions ["firebase.projects.get"]
[debug] [2019-10-31T16:21:55.626Z] > refreshing access token with scopes: ["email","https://www.googleapis.com/auth/cloud-platform","https://www.googleapis.com/auth/cloudplatformprojects.readonly","https://www.googleapis.com/auth/firebase","openid"]
[debug] [2019-10-31T16:21:55.626Z] >>> HTTP REQUEST POST https://www.googleapis.com/oauth2/v3/token  
 <request body omitted>
[debug] [2019-10-31T16:21:55.825Z] <<< HTTP RESPONSE 200
[debug] [2019-10-31T16:21:55.892Z] >>> HTTP REQUEST POST https://cloudresourcemanager.googleapis.com/v1/projects/social-network-1e8dd:testIamPermissions  

[debug] [2019-10-31T16:21:57.052Z] <<< HTTP RESPONSE 200
[debug] [2019-10-31T16:21:57.055Z] >>> HTTP REQUEST GET https://firebase.googleapis.com/v1beta1/projects/social-network-1e8dd  
 
[debug] [2019-10-31T16:21:58.485Z] <<< HTTP RESPONSE 200
[info] 
[info] === Serving from '/home/mi/Documentos/SAP003-social-network'...
[info] 
[debug] [2019-10-31T16:21:58.491Z] >>> HTTP REQUEST GET https://firebase.googleapis.com/v1beta1/projects/social-network-1e8dd/webApps/-/config  
 
[debug] [2019-10-31T16:21:59.951Z] <<< HTTP RESPONSE 200
[info] i  hosting: Serving hosting files from: src
[info] ✔  hosting: Local server: http://localhost:5000
[debug] [2019-10-31T17:50:18.080Z] ----------------------------------------------------------------------
[debug] [2019-10-31T17:50:18.082Z] Command:       /usr/bin/node /usr/bin/firebase serve
[debug] [2019-10-31T17:50:18.082Z] CLI Version:   7.5.0
[debug] [2019-10-31T17:50:18.082Z] Platform:      linux
[debug] [2019-10-31T17:50:18.082Z] Node Version:  v8.16.2
[debug] [2019-10-31T17:50:18.082Z] Time:          Thu Oct 31 2019 14:50:18 GMT-0300 (-03)
[debug] [2019-10-31T17:50:18.082Z] ----------------------------------------------------------------------
[debug] 
[debug] [2019-10-31T17:50:18.125Z] > command requires scopes: ["email","openid","https://www.googleapis.com/auth/cloudplatformprojects.readonly","https://www.googleapis.com/auth/firebase","https://www.googleapis.com/auth/cloud-platform"]
[debug] [2019-10-31T17:50:18.126Z] > authorizing via signed-in user
[debug] [2019-10-31T17:50:18.126Z] [iam] checking project social-network-1e8dd for permissions ["firebase.projects.get"]
[debug] [2019-10-31T17:50:18.132Z] > refreshing access token with scopes: ["email","https://www.googleapis.com/auth/cloud-platform","https://www.googleapis.com/auth/cloudplatformprojects.readonly","https://www.googleapis.com/auth/firebase","openid"]
[debug] [2019-10-31T17:50:18.133Z] >>> HTTP REQUEST POST https://www.googleapis.com/oauth2/v3/token  
 <request body omitted>
[debug] [2019-10-31T17:50:18.379Z] <<< HTTP RESPONSE 200
[debug] [2019-10-31T17:50:18.389Z] >>> HTTP REQUEST POST https://cloudresourcemanager.googleapis.com/v1/projects/social-network-1e8dd:testIamPermissions  

[debug] [2019-10-31T17:50:19.453Z] <<< HTTP RESPONSE 200
[debug] [2019-10-31T17:50:19.456Z] >>> HTTP REQUEST GET https://firebase.googleapis.com/v1beta1/projects/social-network-1e8dd  
 
[debug] [2019-10-31T17:50:20.885Z] <<< HTTP RESPONSE 200
[info] 
[info] === Serving from '/home/mi/Documentos/SAP003-social-network'...
[info] 
[debug] [2019-10-31T17:50:20.890Z] >>> HTTP REQUEST GET https://firebase.googleapis.com/v1beta1/projects/social-network-1e8dd/webApps/-/config  
 
[debug] [2019-10-31T17:50:22.319Z] <<< HTTP RESPONSE 200
[info] i  hosting: Serving hosting files from: src
[info] ✔  hosting: Local server: http://localhost:5000
[debug] [2019-11-03T17:12:12.403Z] ----------------------------------------------------------------------
[debug] [2019-11-03T17:12:12.408Z] Command:       /usr/bin/node /usr/bin/firebase serve
[debug] [2019-11-03T17:12:12.408Z] CLI Version:   7.5.0
[debug] [2019-11-03T17:12:12.409Z] Platform:      linux
[debug] [2019-11-03T17:12:12.409Z] Node Version:  v8.16.2
[debug] [2019-11-03T17:12:12.409Z] Time:          Sun Nov 03 2019 14:12:12 GMT-0300 (-03)
[debug] [2019-11-03T17:12:12.409Z] ----------------------------------------------------------------------
[debug] 
[debug] [2019-11-03T17:12:12.422Z] > command requires scopes: ["email","openid","https://www.googleapis.com/auth/cloudplatformprojects.readonly","https://www.googleapis.com/auth/firebase","https://www.googleapis.com/auth/cloud-platform"]
[debug] [2019-11-03T17:12:12.423Z] > authorizing via signed-in user
[debug] [2019-11-03T17:12:12.423Z] [iam] checking project social-network-1e8dd for permissions ["firebase.projects.get"]
[debug] [2019-11-03T17:12:12.424Z] > refreshing access token with scopes: ["email","https://www.googleapis.com/auth/cloud-platform","https://www.googleapis.com/auth/cloudplatformprojects.readonly","https://www.googleapis.com/auth/firebase","openid"]
[debug] [2019-11-03T17:12:12.424Z] >>> HTTP REQUEST POST https://www.googleapis.com/oauth2/v3/token  
 <request body omitted>
[debug] [2019-11-03T17:12:12.663Z] <<< HTTP RESPONSE 200
[debug] [2019-11-03T17:12:12.743Z] >>> HTTP REQUEST POST https://cloudresourcemanager.googleapis.com/v1/projects/social-network-1e8dd:testIamPermissions  

[debug] [2019-11-03T17:12:13.819Z] <<< HTTP RESPONSE 200
[debug] [2019-11-03T17:12:13.823Z] >>> HTTP REQUEST GET https://firebase.googleapis.com/v1beta1/projects/social-network-1e8dd  
 
[debug] [2019-11-03T17:12:15.252Z] <<< HTTP RESPONSE 200
[info] 
[info] === Serving from '/home/mi/Documentos/SAP003-social-network'...
[info] 
[debug] [2019-11-03T17:12:15.259Z] >>> HTTP REQUEST GET https://firebase.googleapis.com/v1beta1/projects/social-network-1e8dd/webApps/-/config  
 
[debug] [2019-11-03T17:12:16.890Z] <<< HTTP RESPONSE 200
[info] i  hosting: Serving hosting files from: src
[info] ✔  hosting: Local server: http://localhost:5000
[debug] [2019-11-06T11:35:54.573Z] ----------------------------------------------------------------------
[debug] [2019-11-06T11:35:54.575Z] Command:       /usr/bin/node /usr/bin/firebase serve
[debug] [2019-11-06T11:35:54.575Z] CLI Version:   7.5.0
[debug] [2019-11-06T11:35:54.575Z] Platform:      linux
[debug] [2019-11-06T11:35:54.575Z] Node Version:  v8.16.2
[debug] [2019-11-06T11:35:54.575Z] Time:          Wed Nov 06 2019 08:35:54 GMT-0300 (-03)
[debug] [2019-11-06T11:35:54.575Z] ----------------------------------------------------------------------
[debug] 
[debug] [2019-11-06T11:35:54.583Z] > command requires scopes: ["email","openid","https://www.googleapis.com/auth/cloudplatformprojects.readonly","https://www.googleapis.com/auth/firebase","https://www.googleapis.com/auth/cloud-platform"]
[debug] [2019-11-06T11:35:54.584Z] > authorizing via signed-in user
[debug] [2019-11-06T11:35:54.584Z] [iam] checking project social-network-1e8dd for permissions ["firebase.projects.get"]
[debug] [2019-11-06T11:35:54.585Z] > refreshing access token with scopes: ["email","https://www.googleapis.com/auth/cloud-platform","https://www.googleapis.com/auth/cloudplatformprojects.readonly","https://www.googleapis.com/auth/firebase","openid"]
[debug] [2019-11-06T11:35:54.585Z] >>> HTTP REQUEST POST https://www.googleapis.com/oauth2/v3/token  
 <request body omitted>
[debug] [2019-11-06T11:36:01.108Z] <<< HTTP RESPONSE 200
[debug] [2019-11-06T11:36:01.117Z] >>> HTTP REQUEST POST https://cloudresourcemanager.googleapis.com/v1/projects/social-network-1e8dd:testIamPermissions  

[debug] [2019-11-06T11:36:02.269Z] <<< HTTP RESPONSE 200
[debug] [2019-11-06T11:36:02.273Z] >>> HTTP REQUEST GET https://firebase.googleapis.com/v1beta1/projects/social-network-1e8dd  
 
[debug] [2019-11-06T11:36:03.568Z] <<< HTTP RESPONSE 200
[info] 
[info] === Serving from '/home/mi/Documentos/SAP003-social-network'...
[info] 
[debug] [2019-11-06T11:36:03.573Z] >>> HTTP REQUEST GET https://firebase.googleapis.com/v1beta1/projects/social-network-1e8dd/webApps/-/config  
 
[debug] [2019-11-06T11:36:05.009Z] <<< HTTP RESPONSE 200
[info] i  hosting: Serving hosting files from: src
[info] ✔  hosting: Local server: http://localhost:5000
